[2026-07-10T04:44:32.733Z] Descarga PDF 3739-2009-PRODUCE/DIGSECOVI-Dsvs: El archivo descargado no es un PDF válido (encabezado: <?xm)
[2026-07-10T04:44:40.852Z] Descarga PDF 3739-2009-PRODUCE/DIGSECOVI-Dsvs: El archivo descargado no es un PDF válido (encabezado: <?xm)
[2026-07-10T04:45:09.504Z] Descarga PDF 3355-2018-OEFA/DFAI/PAS: El archivo descargado no es un PDF válido (encabezado: <?xm)
[2026-07-10T04:45:17.619Z] Descarga PDF 3341-2018-OEFA/DFAI/PAS: El archivo descargado no es un PDF válido (encabezado: <?xm)
[2026-07-10T04:45:37.234Z] Descarga PDF 3280-2018-OEFA/DFAI/PAS: El archivo descargado no es un PDF válido (encabezado: <?xm)
[2026-07-10T04:45:49.866Z] Descarga PDF 3254-2018-OEFA/DFAI/PAS: El archivo descargado no es un PDF válido (encabezado: <?xm)
[2026-07-10T04:46:02.657Z] Descarga PDF 3230-2018-OEFA/DFAI/PAS: El archivo descargado no es un PDF válido (encabezado: <?xm)
[2026-07-10T04:46:10.770Z] Descarga PDF 3211-2018-OEFA/DFAI/PAS: El archivo descargado no es un PDF válido (encabezado: <?xm)
[2026-07-10T04:46:27.728Z] Descarga PDF 3192-2018-OEFA/DFAI/PAS: El archivo descargado no es un PDF válido (encabezado: <?xm)
[2026-07-10T04:46:43.599Z] Descarga PDF 3123-2018-OEFA/DFAI/PAS: El archivo descargado no es un PDF válido (encabezado: <?xm)
[2026-07-10T04:48:15.332Z] Descarga PDF 2963-2018-OEFA/DFAI/PAS: El archivo descargado no es un PDF válido (encabezado: <?xm)
[2026-07-10T04:48:30.091Z] Descarga PDF 2960-2018-OEFA/DFAI/PAS: El archivo descargado no es un PDF válido (encabezado: <?xm)
[2026-07-10T04:48:56.003Z] Descarga PDF 2920-2018-OEFA/DFAI/PAS: El archivo descargado no es un PDF válido (encabezado: <?xm)
[2026-07-10T04:49:21.871Z] Descarga PDF 2826-2018-OEFA/DFAI/PAS: El archivo descargado no es un PDF válido (encabezado: <?xm)
[2026-07-10T04:49:32.707Z] Descarga PDF 2823-2018-OEFA/DFAI/PAS: El archivo descargado no es un PDF válido (encabezado: <?xm)
[2026-07-10T04:49:53.069Z] Descarga PDF 2798-2017-OEFA/DFSAI/PAS: El archivo descargado no es un PDF válido (encabezado: <?xm)
[2026-07-10T04:50:10.765Z] Descarga PDF 2715-2017-OEFA/DFSAI/PAS: El archivo descargado no es un PDF válido (encabezado: <?xm)
[2026-07-10T04:50:25.326Z] Descarga PDF 2706-2018-OEFA/DFAI/PAS: El archivo descargado no es un PDF válido (encabezado: <?xm)
[2026-07-10T04:50:37.826Z] Descarga PDF 2695-2010-PRODUCE/DIGSECOVI-Dsvs: El archivo descargado no es un PDF válido (encabezado: <?xm)
[2026-07-10T04:50:51.599Z] Descarga PDF 2690-2018-OEFA/DFAI/PAS: El archivo descargado no es un PDF válido (encabezado: <?xm)
[2026-07-10T04:50:59.717Z] Descarga PDF 2686-2018-OEFA/DFAI/PAS: El archivo descargado no es un PDF válido (encabezado: <?xm)
[2026-07-10T04:51:34.253Z] Descarga PDF 2602-2018-OEFA/DFAI/PAS: El archivo descargado no es un PDF válido (encabezado: <?xm)
[2026-07-10T04:51:58.887Z] Descarga PDF 2572-2017-OEFA/DFSAI/PAS: El archivo descargado no es un PDF válido (encabezado: <?xm)
[2026-07-10T04:52:25.244Z] Descarga PDF 2534-2018-OEFA/DFAI/PAS: El archivo descargado no es un PDF válido (encabezado: <?xm)
[2026-07-10T04:52:52.166Z] Descarga PDF 2475-2018-OEFA/DFAI/PAS: El archivo descargado no es un PDF válido (encabezado: <?xm)
[2026-07-10T04:53:44.215Z] Descarga PDF 2336-2017-OEFA/DFSAI/PAS: El archivo descargado no es un PDF válido (encabezado: <?xm)
[2026-07-10T04:53:55.849Z] Descarga PDF 2325-2018-OEFA/DFAI/PAS: El archivo descargado no es un PDF válido (encabezado: <?xm)
[2026-07-10T04:54:25.550Z] Descarga PDF 2229-2017-OEFA/DFSAI/PAS: El archivo descargado no es un PDF válido (encabezado: <?xm)
[2026-07-10T04:58:02.948Z] Descarga PDF 2007-163: El archivo descargado no es un PDF válido (encabezado: <?xm)
[2026-07-10T04:58:14.161Z] Descarga PDF 2007-104: El archivo descargado no es un PDF válido (encabezado: <?xm)
[2026-07-10T04:59:04.913Z] Descarga PDF 1999-2017-OEFA/DFSAI/PAS: El archivo descargado no es un PDF válido (encabezado: <?xm)
[2026-07-10T04:59:53.958Z] Descarga PDF 1961-2018-OEFA/DFAI/PAS: El archivo descargado no es un PDF válido (encabezado: <?xm)
[2026-07-10T05:00:26.176Z] Descarga PDF 1934-2018-OEFA/DFAI/PAS: El archivo descargado no es un PDF válido (encabezado: <?xm)
[2026-07-10T05:01:11.884Z] Descarga PDF 1919-2018-OEFA/DFAI/PAS: El archivo descargado no es un PDF válido (encabezado: <?xm)
[2026-07-10T05:02:01.524Z] Descarga PDF 188956: El archivo descargado no es un PDF válido (encabezado: <?xm)
[2026-07-10T05:04:01.115Z] Descarga PDF 179305: El archivo descargado no es un PDF válido (encabezado: <?xm)
[2026-07-10T05:04:19.457Z] Descarga PDF 1790-2018-OEFA/DFAI/PAS: El archivo descargado no es un PDF válido (encabezado: <?xm)
[2026-07-10T05:05:09.074Z] Descarga PDF 1752-2019-OEFA/DFAI/PAS: El archivo descargado no es un PDF válido (encabezado: <?xm)
[2026-07-10T05:05:26.590Z] Descarga PDF 1748-2017-OEFA/DFSAI/PAS: El archivo descargado no es un PDF válido (encabezado: <?xm)
[2026-07-10T05:05:37.188Z] Descarga PDF 1744-2017-OEFA/DFSAI/PAS: El archivo descargado no es un PDF válido (encabezado: <?xm)
[2026-07-10T05:06:33.341Z] Descarga PDF 1716-2016-OEFA/DFSAI/PAS: El archivo descargado no es un PDF válido (encabezado: <?xm)
[2026-07-10T05:07:47.510Z] Descarga PDF 1684-2019-OEFA/DFAI/PAS: El archivo descargado no es un PDF válido (encabezado: <?xm)
[2026-07-10T05:07:55.629Z] Descarga PDF 1684-2018-OEFA/DFAI/PAS: El archivo descargado no es un PDF válido (encabezado: <?xm)
[2026-07-10T05:08:12.006Z] Descarga PDF 1671-2018-OEFA/DFAI/PAS: El archivo descargado no es un PDF válido (encabezado: <?xm)
[2026-07-10T05:09:23.640Z] Descarga PDF 166-08-MA/E: El archivo descargado no es un PDF válido (encabezado: <?xm)
[2026-07-10T05:10:38.641Z] Descarga PDF 1641-2017-OEFA/DFSAI/PAS: El archivo descargado no es un PDF válido (encabezado: <?xm)
[2026-07-10T05:10:49.554Z] Descarga PDF 1641-2016-OEFA/DFSAI/PAS: El archivo descargado no es un PDF válido (encabezado: <?xm)
[2026-07-10T05:12:18.417Z] Descarga PDF 1625900: El archivo descargado no es un PDF válido (encabezado: <?xm)
[2026-07-10T05:13:51.917Z] Descarga PDF 1602-2017-OEFA/DFSAI/PAS: El archivo descargado no es un PDF válido (encabezado: <?xm)
[2026-07-10T05:14:05.141Z] Descarga PDF 1597-2019-OEFA/DFAI/PAS: El archivo descargado no es un PDF válido (encabezado: <?xm)
[2026-07-10T05:14:30.634Z] Descarga PDF 1588-2018-OEFA/DFAI/PAS: El archivo descargado no es un PDF válido (encabezado: <?xm)
[2026-07-10T05:14:47.057Z] Descarga PDF 1582-2017-OEFA/DFSAI/PAS: El archivo descargado no es un PDF válido (encabezado: <?xm)
[2026-07-10T05:15:46.935Z] Descarga PDF 1556-2019-OEFA/DFAI/PAS: El archivo descargado no es un PDF válido (encabezado: <?xm)
[2026-07-10T05:16:07.179Z] Descarga PDF 1550-2019-OEFA/DFAI/PAS: El archivo descargado no es un PDF válido (encabezado: <?xm)
[2026-07-10T05:16:18.672Z] Descarga PDF 1548-2018-OEFA/DFAI/PAS: El archivo descargado no es un PDF válido (encabezado: <?xm)
[2026-07-10T05:16:37.368Z] Descarga PDF 1536-2018-OEFA/DFAI/PAS: El archivo descargado no es un PDF válido (encabezado: <?xm)
[2026-07-10T05:20:15.454Z] Descarga PDF 1345-2016-OEFA/DFSAI/PAS: El archivo descargado no es un PDF válido (encabezado: <?xm)
[2026-07-10T05:20:45.180Z] Descarga PDF 1328-2014-OEFA/DFSAI/PAS: El archivo descargado no es un PDF válido (encabezado: <?xm)
[2026-07-10T05:22:41.756Z] Descarga PDF 1234-2019-OEFA/DFAI/PAS: El archivo descargado no es un PDF válido (encabezado: <?xm)
[2026-07-10T05:23:15.292Z] Descarga PDF 1217-2019-OEFA/DFAI/PAS: El archivo descargado no es un PDF válido (encabezado: <?xm)
[2026-07-10T05:23:33.781Z] Descarga PDF 1187-2016-OEFA/DFSAI/PAS: El archivo descargado no es un PDF válido (encabezado: <?xm)
[2026-07-10T05:23:48.628Z] Descarga PDF 1181-2019-OEFA/DFAI/PAS: El archivo descargado no es un PDF válido (encabezado: <?xm)
[2026-07-10T05:25:23.848Z] Descarga PDF 1115-2014-OEFA/DFSAI/PAS: El archivo descargado no es un PDF válido (encabezado: <?xm)
[2026-07-10T05:26:13.262Z] Descarga PDF 1099-2014-OEFA/DFSAI/PAS: El archivo descargado no es un PDF válido (encabezado: <?xm)
[2026-07-10T05:26:59.447Z] Descarga PDF 1089-2018-OEFA/DFAI/PAS: El archivo descargado no es un PDF válido (encabezado: <?xm)
[2026-07-10T05:27:20.231Z] Descarga PDF 1084-2017-OEFA/DFSAI/PAS: El archivo descargado no es un PDF válido (encabezado: <?xm)
[2026-07-10T05:27:47.545Z] Descarga PDF 1081-2016-OEFA/DFSAI/PAS: El archivo descargado no es un PDF válido (encabezado: <?xm)
[2026-07-10T05:29:13.784Z] Descarga PDF 1009-2018-OEFA/DFAI/PAS: El archivo descargado no es un PDF válido (encabezado: <?xm)
[2026-07-10T05:29:26.588Z] Descarga PDF 1005-2019-OEFA/DFAI/PAS: El archivo descargado no es un PDF válido (encabezado: <?xm)
[2026-07-10T05:31:46.623Z] Descarga PDF 0905-2011-PRODUCE/DIGSECOVI-Dsvs: El archivo descargado no es un PDF válido (encabezado: <?xm)
[2026-07-10T05:32:33.930Z] Descarga PDF 0891-2018-OEFA/DFAI/PAS: El archivo descargado no es un PDF válido (encabezado: <?xm)
[2026-07-10T05:32:49.833Z] Descarga PDF 0890-2013-OEFA/DFSAI/PAS: El archivo descargado no es un PDF válido (encabezado: <?xm)
[2026-07-10T05:33:14.019Z] Descarga PDF 0879-2019-OEFA/DFAI/PAS: El archivo descargado no es un PDF válido (encabezado: <?xm)
[2026-07-10T05:35:50.865Z] Descarga PDF 0798-2019-OEFA/DFAI/PAS: El archivo descargado no es un PDF válido (encabezado: <?xm)
[2026-07-10T05:36:01.432Z] Descarga PDF 0793-2019-OEFA/DFAI/PAS: El archivo descargado no es un PDF válido (encabezado: <?xm)
[2026-07-10T05:36:57.282Z] Descarga PDF 0757-2019-OEFA/DFAI/PAS: El archivo descargado no es un PDF válido (encabezado: <?xm)
[2026-07-10T05:37:08.299Z] Descarga PDF 0756-2019-OEFA/DFAI/PAS: El archivo descargado no es un PDF válido (encabezado: <?xm)
[2026-07-10T05:37:28.553Z] Descarga PDF 0746-2018-OEFA/DFAI/PAS: El archivo descargado no es un PDF válido (encabezado: <?xm)
[2026-07-10T05:38:14.398Z] Descarga PDF 0725-2019-OEFA/DFAI/PAS: El archivo descargado no es un PDF válido (encabezado: <?xm)
[2026-07-10T05:38:38.503Z] Descarga PDF 0708-2016-OEFA/DFSAI/PAS: El archivo descargado no es un PDF válido (encabezado: <?xm)
[2026-07-10T05:38:54.256Z] Descarga PDF 0703-2013-OEFA/DFSAI/PAS: El archivo descargado no es un PDF válido (encabezado: <?xm)
[2026-07-10T05:40:02.919Z] Descarga PDF 0657-2019-OEFA/DFAI/PAS: El archivo descargado no es un PDF válido (encabezado: <?xm)
[2026-07-10T05:40:53.165Z] Descarga PDF 0627-2019-OEFA/DFAI/PAS: El archivo descargado no es un PDF válido (encabezado: <?xm)
[2026-07-10T05:41:09.477Z] Descarga PDF 062-08-MA/R: El archivo descargado no es un PDF válido (encabezado: <?xm)
[2026-07-10T05:41:18.337Z] Descarga PDF 062-08-MA/R: El archivo descargado no es un PDF válido (encabezado: <?xm)
[2026-07-10T05:41:29.152Z] Descarga PDF 062-08-MA/E: El archivo descargado no es un PDF válido (encabezado: <?xm)
[2026-07-10T05:41:45.581Z] Descarga PDF 0616-2019-OEFA/DFAI/PAS: El archivo descargado no es un PDF válido (encabezado: <?xm)
[2026-07-10T05:41:56.827Z] Descarga PDF 0613-2019-OEFA/DFAI/PAS: El archivo descargado no es un PDF válido (encabezado: <?xm)
[2026-07-10T05:42:26.556Z] Descarga PDF 0598-2014-OEFA/DFSAI/PAS: El archivo descargado no es un PDF válido (encabezado: <?xm)
[2026-07-10T05:42:54.326Z] Descarga PDF 0583-2019-OEFA/DFAI/PAS: El archivo descargado no es un PDF válido (encabezado: <?xm)
[2026-07-10T05:43:56.007Z] Descarga PDF 0563-2019-OEFA/DFAI/PAS: El archivo descargado no es un PDF válido (encabezado: <?xm)
[2026-07-10T05:45:27.737Z] Descarga PDF 0537-2014-OEFA/DFSAI/PAS: El archivo descargado no es un PDF válido (encabezado: <?xm)
[2026-07-10T05:45:35.845Z] Descarga PDF 0535-2014-OEFA/DFSAI/PAS: El archivo descargado no es un PDF válido (encabezado: <?xm)
[2026-07-10T05:47:11.554Z] Descarga PDF 0498-2019-OEFA/DFAI/PAS: El archivo descargado no es un PDF válido (encabezado: <?xm)
[2026-07-10T05:48:34.758Z] Descarga PDF 0471-2020-OEFA/DFAI/PAS: El archivo descargado no es un PDF válido (encabezado: <?xm)
[2026-07-10T05:48:59.801Z] Descarga PDF 0467-2013-OEFA/DFSAI/PAS: El archivo descargado no es un PDF válido (encabezado: <?xm)
[2026-07-10T05:49:10.297Z] Descarga PDF 0462-2020-OEFA/DFAI/PAS: El archivo descargado no es un PDF válido (encabezado: <?xm)
[2026-07-10T05:49:18.412Z] Descarga PDF 0461-2014-OEFA/DFSAI/PAS: El archivo descargado no es un PDF válido (encabezado: <?xm)
[2026-07-10T05:49:39.149Z] Descarga PDF 0457-2020-OEFA/DFAI/PAS: El archivo descargado no es un PDF válido (encabezado: <?xm)
[2026-07-10T05:50:21.865Z] Descarga PDF 0438-2019-OEFA/DFAI/PAS: El archivo descargado no es un PDF válido (encabezado: <?xm)
[2026-07-10T05:50:29.986Z] Descarga PDF 0438-2018-OEFA/DFAI/PAS: El archivo descargado no es un PDF válido (encabezado: <?xm)
[2026-07-10T05:52:00.568Z] Descarga PDF 0418-2014-OEFA/DFSAI/PAS: El archivo descargado no es un PDF válido (encabezado: <?xm)
[2026-07-10T05:52:28.070Z] Descarga PDF 0415-2017-OEFA/DFSAI/PAS: El archivo descargado no es un PDF válido (encabezado: <?xm)
[2026-07-10T05:54:16.925Z] Descarga PDF 0380-2015-OEFA/DFSAI/PAS: El archivo descargado no es un PDF válido (encabezado: <?xm)
[2026-07-10T05:54:44.861Z] Descarga PDF 0375-2019-OEFA/DFAI/PAS: El archivo descargado no es un PDF válido (encabezado: <?xm)
[2026-07-10T05:55:36.352Z] Descarga PDF 0360-2015-OEFA/DFSAI/PAS: El archivo descargado no es un PDF válido (encabezado: <?xm)
[2026-07-10T05:55:51.763Z] Descarga PDF 0359-2013-OEFA/DFSAI/PAS: El archivo descargado no es un PDF válido (encabezado: <?xm)
[2026-07-10T05:56:04.598Z] Descarga PDF 0357-2016-OEFA/DFSAI/PAS: El archivo descargado no es un PDF válido (encabezado: <?xm)
[2026-07-10T05:56:26.485Z] Descarga PDF 0350-2013-OEFA/DFSAI/PAS: El archivo descargado no es un PDF válido (encabezado: <?xm)
[2026-07-10T05:56:57.415Z] Descarga PDF 0337-2020-OEFA/DFAI/PAS: El archivo descargado no es un PDF válido (encabezado: <?xm)
[2026-07-10T05:58:05.503Z] Descarga PDF 0313-2013-OEFA/DFSAI/PAS: El archivo descargado no es un PDF válido (encabezado: <?xm)
[2026-07-10T05:59:14.493Z] Descarga PDF 0293-2013-OEFA/DFSAI/PAS: El archivo descargado no es un PDF válido (encabezado: <?xm)
[2026-07-10T05:59:58.643Z] Descarga PDF 0279-2019-OEFA/DFAI/PAS: El archivo descargado no es un PDF válido (encabezado: <?xm)
[2026-07-10T06:01:28.767Z] Descarga PDF 0249-2019-OEFA/DFAI/PAS: El archivo descargado no es un PDF válido (encabezado: <?xm)
[2026-07-10T06:02:08.282Z] Descarga PDF 0234-2012-OEFA/DFSAI/PAS: El archivo descargado no es un PDF válido (encabezado: <?xm)
[2026-07-10T06:03:53.709Z] Descarga PDF 0190-2018-OEFA/DFAI/PAS: El archivo descargado no es un PDF válido (encabezado: <?xm)
[2026-07-10T06:05:38.975Z] Descarga PDF 0166-2017-OEFA/DFSAI/PAS: El archivo descargado no es un PDF válido (encabezado: <?xm)
[2026-07-10T06:06:53.193Z] Descarga PDF 0153-2019-OEFA/DFAI/PAS: El archivo descargado no es un PDF válido (encabezado: <?xm)
[2026-07-10T06:07:07.694Z] Descarga PDF 0152-2014-OEFA/DFSAI/PAS: El archivo descargado no es un PDF válido (encabezado: <?xm)
[2026-07-10T06:10:04.506Z] Descarga PDF 0127-2011-DFSAI/PAS: El archivo descargado no es un PDF válido (encabezado: <?xm)
[2026-07-10T06:10:12.623Z] Descarga PDF 0126-2016-OEFA/DFSAI/PAS: El archivo descargado no es un PDF válido (encabezado: <?xm)
[2026-07-10T06:10:27.770Z] Descarga PDF 0124-2019-OEFA/DFAI/PAS: El archivo descargado no es un PDF válido (encabezado: <?xm)
[2026-07-10T06:11:20.099Z] Descarga PDF 0107-2019-OEFA/DFAI/PAS: El archivo descargado no es un PDF válido (encabezado: <?xm)
[2026-07-10T06:11:28.226Z] Descarga PDF 0106-2020-OEFA/DFAI/PAS: El archivo descargado no es un PDF válido (encabezado: <?xm)
[2026-07-10T06:13:23.233Z] Descarga PDF 0085-2013-OEFA/DFSAI/PAS: El archivo descargado no es un PDF válido (encabezado: <?xm)
[2026-07-10T06:13:46.577Z] Descarga PDF 0084-2012-DFSAI/PAS/HL: El archivo descargado no es un PDF válido (encabezado: <?xm)
[2026-07-10T06:15:12.731Z] Descarga PDF 0070-2019-OEFA/DFAI/PAS: El archivo descargado no es un PDF válido (encabezado: <?xm)
[2026-07-10T06:16:11.939Z] Descarga PDF 0061-2019-OEFA/DFAI/PAS: El archivo descargado no es un PDF válido (encabezado: <?xm)
[2026-07-10T06:16:33.100Z] Descarga PDF 0059-2019-OEFA/DFAI/PAS: El archivo descargado no es un PDF válido (encabezado: <?xm)
[2026-07-10T06:18:42.085Z] Descarga PDF 0042-2015-OEFA/DFSAI/PAS: El archivo descargado no es un PDF válido (encabezado: <?xm)
[2026-07-10T06:20:54.304Z] Descarga PDF 0023-2013-OEFA/DFSAI/PAS: El archivo descargado no es un PDF válido (encabezado: <?xm)
[2026-07-10T06:22:50.087Z] Descarga PDF 0002-2019-OEFA/DFAI/PAS: El archivo descargado no es un PDF válido (encabezado: <?xm)
